<?xml version="1.0" encoding="UTF-8"?>
<testsuite xmlns:xsi="http://www.w3.org/2001/XMLSchema-instance" xsi:noNamespaceSchemaLocation="https://maven.apache.org/surefire/maven-surefire-plugin/xsd/surefire-test-report.xsd" name="edu.kau.fcit.cpit252.AppTest" time="0.045" tests="1" errors="0" skipped="0" failures="0">
  <properties>
    <property name="java.specification.version" value="18"/>
    <property name="sun.cpu.isalist" value="amd64"/>
    <property name="sun.jnu.encoding" value="Cp1252"/>
    <property name="java.class.path" value="C:\Users\yzeed\Downloads\lab8\lab-08-main\target\test-classes;C:\Users\yzeed\Downloads\lab8\lab-08-main\target\classes;C:\Users\yzeed\.m2\repository\junit\junit\4.11\junit-4.11.jar;C:\Users\yzeed\.m2\repository\org\hamcrest\hamcrest-core\1.3\hamcrest-core-1.3.jar;C:\Users\yzeed\.m2\repository\com\sun\mail\javax.mail\1.6.2\javax.mail-1.6.2.jar;C:\Users\yzeed\.m2\repository\javax\activation\activation\1.1\activation-1.1.jar;C:\Users\yzeed\.m2\repository\org\twitter4j\twitter4j-core\4.0.7\twitter4j-core-4.0.7.jar;"/>
    <property name="java.vm.vendor" value="Azul Systems, Inc."/>
    <property name="sun.arch.data.model" value="64"/>
    <property name="user.variant" value=""/>
    <property name="java.vendor.url" value="http://www.azul.com/"/>
    <property name="user.timezone" value="Asia/Riyadh"/>
    <property name="os.name" value="Windows 10"/>
    <property name="java.vm.specification.version" value="18"/>
    <property name="user.country" value="US"/>
    <property name="sun.java.launcher" value="SUN_STANDARD"/>
    <property name="sun.boot.library.path" value="C:\Users\yzeed\Downloads\zulu18.28.13-ca-fx-jdk18.0.0-win_x64\zulu18.28.13-ca-fx-jdk18.0.0-win_x64\bin"/>
    <property name="sun.java.command" value="C:\Users\yzeed\AppData\Local\Temp\surefire17124038531345617072\surefirebooter15805358268159201093.jar C:\Users\yzeed\AppData\Local\Temp\surefire17124038531345617072 2022-04-10T22-36-15_392-jvmRun1 surefire11492543012451149758tmp surefire_015291242657104093804tmp"/>
    <property name="jdk.debug" value="release"/>
    <property name="surefire.test.class.path" value="C:\Users\yzeed\Downloads\lab8\lab-08-main\target\test-classes;C:\Users\yzeed\Downloads\lab8\lab-08-main\target\classes;C:\Users\yzeed\.m2\repository\junit\junit\4.11\junit-4.11.jar;C:\Users\yzeed\.m2\repository\org\hamcrest\hamcrest-core\1.3\hamcrest-core-1.3.jar;C:\Users\yzeed\.m2\repository\com\sun\mail\javax.mail\1.6.2\javax.mail-1.6.2.jar;C:\Users\yzeed\.m2\repository\javax\activation\activation\1.1\activation-1.1.jar;C:\Users\yzeed\.m2\repository\org\twitter4j\twitter4j-core\4.0.7\twitter4j-core-4.0.7.jar;"/>
    <property name="sun.cpu.endian" value="little"/>
    <property name="user.home" value="C:\Users\yzeed"/>
    <property name="user.language" value="en"/>
    <property name="java.specification.vendor" value="Oracle Corporation"/>
    <property name="java.version.date" value="2022-03-22"/>
    <property name="java.home" value="C:\Users\yzeed\Downloads\zulu18.28.13-ca-fx-jdk18.0.0-win_x64\zulu18.28.13-ca-fx-jdk18.0.0-win_x64"/>
    <property name="file.separator" value="\"/>
    <property name="basedir" value="C:\Users\yzeed\Downloads\lab8\lab-08-main"/>
    <property name="java.vm.compressedOopsMode" value="Zero based"/>
    <property name="line.separator" value="&#10;"/>
    <property name="java.vm.specification.vendor" value="Oracle Corporation"/>
    <property name="java.specification.name" value="Java Platform API Specification"/>
    <property name="surefire.real.class.path" value="C:\Users\yzeed\AppData\Local\Temp\surefire17124038531345617072\surefirebooter15805358268159201093.jar"/>
    <property name="user.script" value=""/>
    <property name="sun.management.compiler" value="HotSpot 64-Bit Tiered Compilers"/>
    <property name="java.runtime.version" value="18+37"/>
    <property name="user.name" value="yzeed"/>
    <property name="path.separator" value=";"/>
    <property name="os.version" value="10.0"/>
    <property name="java.runtime.name" value="OpenJDK Runtime Environment"/>
    <property name="file.encoding" value="UTF-8"/>
    <property name="java.vm.name" value="OpenJDK 64-Bit Server VM"/>
    <property name="java.vendor.version" value="Zulu18.28+13-CA"/>
    <property name="maven.ext.class.path" value="C:\Program Files\NetBeans-13\netbeans\java\maven-nblib\netbeans-eventspy.jar"/>
    <property name="localRepository" value="C:\Users\yzeed\.m2\repository"/>
    <property name="java.vendor.url.bug" value="http://www.azul.com/support/"/>
    <property name="java.io.tmpdir" value="C:\Users\yzeed\AppData\Local\Temp\"/>
    <property name="java.version" value="18"/>
    <property name="user.dir" value="C:\Users\yzeed\Downloads\lab8\lab-08-main"/>
    <property name="os.arch" value="amd64"/>
    <property name="java.vm.specification.name" value="Java Virtual Machine Specification"/>
    <property name="sun.os.patch.level" value=""/>
    <property name="native.encoding" value="Cp1252"/>
    <property name="java.library.path" value="C:\Users\yzeed\Downloads\zulu18.28.13-ca-fx-jdk18.0.0-win_x64\zulu18.28.13-ca-fx-jdk18.0.0-win_x64\bin;C:\WINDOWS\Sun\Java\bin;C:\WINDOWS\system32;C:\WINDOWS;C:\Program Files\Common Files\Oracle\Java\javapath;C:\Program Files\Eclipse Adoptium\jdk-17.0.2.8-hotspot\bin;C:\Program Files (x86)\Common Files\Oracle\Java\javapath;C:\ProgramData\Oracle\Java\javapath;C:\Program Files (x86)\Razer Chroma SDK\bin;C:\Program Files\Razer Chroma SDK\bin;C:\Program Files (x86)\Razer\ChromaBroadcast\bin;C:\Program Files\Razer\ChromaBroadcast\bin;C:\WINDOWS\system32;C:\WINDOWS;C:\WINDOWS\System32\Wbem;C:\WINDOWS\System32\WindowsPowerShell\v1.0\;C:\WINDOWS\System32\OpenSSH\;C:\WINDOWS\system32\config\systemprofile\AppData\Local\Microsoft\WindowsApps;C:\Program Files\dotnet\;C:\Program Files (x86)\NVIDIA Corporation\PhysX\Common;C:\Program Files\NVIDIA Corporation\NVIDIA NvDLISR;C:\Program Files\MySQL\MySQL Server 8.0\bin;C:\Program Files\Git\cmd;C:\Users\yzeed\AppData\Local\Microsoft\WindowsApps;C:\Users\yzeed\AppData\Local\Programs\Microsoft VS Code\bin;C:\Users\yzeed\AppData\Local\GitHubDesktop\bin;."/>
    <property name="java.vm.info" value="mixed mode, sharing"/>
    <property name="java.vendor" value="Azul Systems, Inc."/>
    <property name="java.vm.version" value="18+37"/>
    <property name="sun.io.unicode.encoding" value="UnicodeLittle"/>
    <property name="java.class.version" value="62.0"/>
  </properties>
  <testcase name="shouldAnswerWithTrue" classname="edu.kau.fcit.cpit252.AppTest" time="0.004"/>
</testsuite>